<?xml version="1.0" encoding="UTF-8"?>
<testng-results ignored="0" total="1" passed="1" failed="0" skipped="0">
  <reporter-output>
  </reporter-output>
  <suite started-at="2024-06-04T13:21:55 IST" name="Default Suite" finished-at="2024-06-04T13:22:39 IST" duration-ms="44571">
    <groups>
    </groups>
    <test started-at="2024-06-04T13:21:55 IST" name="cura" finished-at="2024-06-04T13:22:39 IST" duration-ms="44571">
      <class name="curatest">
        <test-method is-config="true" signature="start()[pri:0, instance:curatest@20d28811]" started-at="2024-06-04T13:21:55 IST" name="start" finished-at="2024-06-04T13:22:01 IST" duration-ms="5735" status="PASS">
          <reporter-output>
          </reporter-output>
        </test-method> <!-- start -->
        <test-method signature="openwebsite()[pri:0, instance:curatest@20d28811]" started-at="2024-06-04T13:22:01 IST" name="openwebsite" finished-at="2024-06-04T13:22:38 IST" duration-ms="37299" status="PASS">
          <reporter-output>
          </reporter-output>
        </test-method> <!-- openwebsite -->
        <test-method is-config="true" signature="end()[pri:0, instance:curatest@20d28811]" started-at="2024-06-04T13:22:38 IST" name="end" finished-at="2024-06-04T13:22:39 IST" duration-ms="1487" status="PASS">
          <reporter-output>
          </reporter-output>
        </test-method> <!-- end -->
      </class> <!-- curatest -->
    </test> <!-- cura -->
  </suite> <!-- Default Suite -->
</testng-results>
